{"/Users/marshall/code/Marshall-Hao/diveintojs/38JestBasic/script.js": {"path":"/Users/marshall/code/Marshall-Hao/diveintojs/38JestBasic/script.js","statementMap":{"0":{"start":{"line":1,"column":12},"end":{"line":3,"column":1}},"1":{"start":{"line":2,"column":2},"end":{"line":2,"column":15}},"2":{"start":{"line":5,"column":19},"end":{"line":12,"column":1}},"3":{"start":{"line":6,"column":2},"end":{"line":6,"column":38}},"4":{"start":{"line":6,"column":26},"end":{"line":6,"column":38}},"5":{"start":{"line":8,"column":2},"end":{"line":11,"column":15}},"6":{"start":{"line":9,"column":4},"end":{"line":9,"column":40}},"7":{"start":{"line":9,"column":26},"end":{"line":9,"column":40}},"8":{"start":{"line":10,"column":4},"end":{"line":10,"column":19}},"9":{"start":{"line":14,"column":0},"end":{"line":17,"column":2}}},"fnMap":{"0":{"name":"(anonymous_0)","decl":{"start":{"line":1,"column":12},"end":{"line":1,"column":13}},"loc":{"start":{"line":1,"column":22},"end":{"line":3,"column":1}},"line":1},"1":{"name":"(anonymous_1)","decl":{"start":{"line":5,"column":19},"end":{"line":5,"column":20}},"loc":{"start":{"line":5,"column":30},"end":{"line":12,"column":1}},"line":5},"2":{"name":"(anonymous_2)","decl":{"start":{"line":8,"column":22},"end":{"line":8,"column":23}},"loc":{"start":{"line":8,"column":43},"end":{"line":11,"column":3}},"line":8}},"branchMap":{"0":{"loc":{"start":{"line":6,"column":2},"end":{"line":6,"column":38}},"type":"if","locations":[{"start":{"line":6,"column":2},"end":{"line":6,"column":38}},{"start":{"line":6,"column":2},"end":{"line":6,"column":38}}],"line":6},"1":{"loc":{"start":{"line":9,"column":4},"end":{"line":9,"column":40}},"type":"if","locations":[{"start":{"line":9,"column":4},"end":{"line":9,"column":40}},{"start":{"line":9,"column":4},"end":{"line":9,"column":40}}],"line":9}},"s":{"0":1,"1":1,"2":1,"3":2,"4":1,"5":1,"6":4,"7":3,"8":1,"9":1},"f":{"0":1,"1":2,"2":4},"b":{"0":[1,1],"1":[3,1]},"_coverageSchema":"1a1c01bbd47fc00a2c39e90264f33305004495a9","hash":"6b3112cefadb780f7fd436294a81ea5db560f90d"}
}
